<?xml version="1.0" encoding="UTF-8"?>
<!-- Generated by org.testng.reporters.JUnitReportReporter -->
<testsuite hostname="DESKTOP-7GC1PIP" failures="0" tests="1" name="Api.test.Pojo_PostRequest" time="4.606" errors="0" timestamp="2023-02-20T15:59:39 IST" skipped="0">
  <testcase classname="Api.test.Pojo_PostRequest" name="TestPostUsingPojo" time="4.606"/>
  <system-out/>
</testsuite> <!-- Api.test.Pojo_PostRequest -->
