<?xml version="1.0" encoding="UTF-8"?>
<!-- Generated by org.testng.reporters.JUnitReportReporter -->
<testsuite hostname="DESKTOP-7GC1PIP" failures="0" tests="3" name="Api.test.RestAssured" time="6.026" errors="0" timestamp="2023-02-17T11:52:06 IST" skipped="0">
  <testcase classname="Api.test.RestAssured" name="getusers" time="0.544"/>
  <system-out/>
  <testcase classname="Api.test.RestAssured" name="createUsers" time="4.778"/>
  <system-out/>
  <testcase classname="Api.test.RestAssured" name="updateUser" time="0.704"/>
  <system-out/>
</testsuite> <!-- Api.test.RestAssured -->
