<?xml version="1.0" encoding="UTF-8"?>
<!-- Generated by org.testng.reporters.JUnitReportReporter -->
<testsuite hostname="DESKTOP-7GC1PIP" failures="0" tests="1" name="Api.test.DiffWaysToCreatePostrequest" time="5.666" errors="0" timestamp="2023-02-20T11:27:54 IST" skipped="0">
  <testcase classname="Api.test.DiffWaysToCreatePostrequest" name="TestPostUsingOrgJson" time="5.666"/>
  <system-out/>
</testsuite> <!-- Api.test.DiffWaysToCreatePostrequest -->
