<?xml version="1.0" encoding="UTF-8"?>
<!-- Generated by org.testng.reporters.JUnitReportReporter -->
<testsuite hostname="DESKTOP-7GC1PIP" failures="0" tests="1" name="Api.test.PostRequestUsing_ExternalJsonFile" time="4.642" errors="0" timestamp="2023-02-20T18:08:28 IST" skipped="0">
  <testcase classname="Api.test.PostRequestUsing_ExternalJsonFile" name="External_jsonfile" time="4.642"/>
  <system-out/>
</testsuite> <!-- Api.test.PostRequestUsing_ExternalJsonFile -->
